빌드 시작: 2014-09-22 오전 4:57:41
     1>2 노드의 "C:\BattleShip_project\New\BattleShip_SK\BattleShip_SK.vcxproj" 프로젝트(Build 대상)입니다.
     1>ClCompile:
         C:\Program Files (x86)\Microsoft Visual Studio 12.0\VC\bin\CL.exe /c /ZI /nologo /W3 /WX- /sdl /Od /Oy- /D WIN32 /D _DEBUG /D _CONSOLE /D _LIB /D _UNICODE /D UNICODE /Gm /EHsc /RTC1 /MDd /GS /fp:precise /Zc:wchar_t /Zc:forScope /Yu"stdafx.h" /Fp"Debug\BattleShip_SK.pch" /Fo"Debug\\" /Fd"Debug\vc120.pdb" /Gd /TP /analyze- /errorReport:prompt GameManager.cpp
         GameManager.cpp
       Link:
         C:\Program Files (x86)\Microsoft Visual Studio 12.0\VC\bin\link.exe /ERRORREPORT:PROMPT /OUT:"C:\BattleShip_project\New\Debug\BattleShip_SK.exe" /INCREMENTAL /NOLOGO kernel32.lib user32.lib gdi32.lib winspool.lib comdlg32.lib advapi32.lib shell32.lib ole32.lib oleaut32.lib uuid.lib odbc32.lib odbccp32.lib /MANIFEST /MANIFESTUAC:"level='asInvoker' uiAccess='false'" /manifest:embed /DEBUG /PDB:"C:\BattleShip_project\New\Debug\BattleShip_SK.pdb" /SUBSYSTEM:CONSOLE /TLBID:1 /DYNAMICBASE /NXCOMPAT /IMPLIB:"C:\BattleShip_project\New\Debug\BattleShip_SK.lib" /MACHINE:X86 Debug\AirCraft.obj
         Debug\BattleShip.obj
         Debug\BattleShip_SK.obj
         Debug\Cruiser.obj
         Debug\Destroyer.obj
         Debug\Draw.obj
         Debug\DrawSetting.obj
         Debug\Player.obj
         Debug\Ship.obj
         Debug\stdafx.obj
         Debug\zido.obj
         Debug\GameManager.obj
         BattleShip_SK.vcxproj -> C:\BattleShip_project\New\Debug\BattleShip_SK.exe
     1>"C:\BattleShip_project\New\BattleShip_SK\BattleShip_SK.vcxproj" 프로젝트를 빌드했습니다(Build 대상).

빌드했습니다.

경과 시간: 00:00:00.72
