빌드 시작: 2014-09-17 오후 1:23:40
     1>3 노드의 "C:\BattleShip_project\BattleShip_SK\BattleShip_pp\BattleShip_pp.vcxproj" 프로젝트(Build 대상)입니다.
     1>ClCompile:
         C:\Program Files (x86)\Microsoft Visual Studio 12.0\VC\bin\CL.exe /c /ZI /nologo /W3 /WX- /sdl /Od /Oy- /D WIN32 /D _DEBUG /D _CONSOLE /D _LIB /D _UNICODE /D UNICODE /Gm /EHsc /RTC1 /MDd /GS /fp:precise /Zc:wchar_t /Zc:forScope /Yc"stdafx.h" /Fp"Debug\BattleShip_pp.pch" /Fo"Debug\\" /Fd"Debug\vc120.pdb" /Gd /TP /analyze- /errorReport:prompt stdafx.cpp
         stdafx.cpp
         C:\Program Files (x86)\Microsoft Visual Studio 12.0\VC\bin\CL.exe /c /ZI /nologo /W3 /WX- /sdl /Od /Oy- /D WIN32 /D _DEBUG /D _CONSOLE /D _LIB /D _UNICODE /D UNICODE /Gm /EHsc /RTC1 /MDd /GS /fp:precise /Zc:wchar_t /Zc:forScope /Yu"stdafx.h" /Fp"Debug\BattleShip_pp.pch" /Fo"Debug\\" /Fd"Debug\vc120.pdb" /Gd /TP /analyze- /errorReport:prompt AirCraft.cpp BattleShip.cpp BattleShip_pp.cpp Cruiser.cpp Destroyer.cpp GameManager.cpp Map.cpp Player.cpp Ship.cpp
         Ship.cpp
         Player.cpp
         Map.cpp
         GameManager.cpp
         Destroyer.cpp
         Cruiser.cpp
         BattleShip_pp.cpp
     1>c:\battleship_project\battleship_sk\battleship_pp\battleship_pp.cpp(16): error C2061: 구문 오류 : 식별자 '_TCHAR'
         BattleShip.cpp
         AirCraft.cpp
         코드를 생성하고 있습니다...
     1>c:\battleship_project\battleship_sk\battleship_pp\ship.cpp(28): error C4716: 'Ship::HitCheck' : 값을 반환해야 합니다.
     1>"C:\BattleShip_project\BattleShip_SK\BattleShip_pp\BattleShip_pp.vcxproj" 프로젝트를 빌드했습니다(Build 대상). - 실패

빌드하지 못했습니다.

경과 시간: 00:00:03.13
